25-Jul-2023 22:06:47.624 INFO [main] org.apache.catalina.startup.VersionLoggerListener.log 서버 버전 이름:    Apache Tomcat/9.0.78
25-Jul-2023 22:06:47.629 INFO [main] org.apache.catalina.startup.VersionLoggerListener.log Server 빌드 시각:  Jul 4 2023 13:15:43 UTC
25-Jul-2023 22:06:47.630 INFO [main] org.apache.catalina.startup.VersionLoggerListener.log Server 버전 번호:  9.0.78.0
25-Jul-2023 22:06:47.630 INFO [main] org.apache.catalina.startup.VersionLoggerListener.log 운영체제 이름:     Windows 7
25-Jul-2023 22:06:47.630 INFO [main] org.apache.catalina.startup.VersionLoggerListener.log 운영체제 버전:     6.1
25-Jul-2023 22:06:47.630 INFO [main] org.apache.catalina.startup.VersionLoggerListener.log 아키텍처:          amd64
25-Jul-2023 22:06:47.631 INFO [main] org.apache.catalina.startup.VersionLoggerListener.log 자바 홈:           C:\Program Files\Java\jdk-20
25-Jul-2023 22:06:47.631 INFO [main] org.apache.catalina.startup.VersionLoggerListener.log JVM 버전:          20.0.2+9-78
25-Jul-2023 22:06:47.631 INFO [main] org.apache.catalina.startup.VersionLoggerListener.log JVM 벤더:          Oracle Corporation
25-Jul-2023 22:06:47.631 INFO [main] org.apache.catalina.startup.VersionLoggerListener.log CATALINA_BASE:     D:\ups_web
25-Jul-2023 22:06:47.631 INFO [main] org.apache.catalina.startup.VersionLoggerListener.log CATALINA_HOME:     D:\ups_web
25-Jul-2023 22:06:47.650 INFO [main] org.apache.catalina.startup.VersionLoggerListener.log 명령 행 아규먼트:  -Dcatalina.home=D:\ups_web
25-Jul-2023 22:06:47.651 INFO [main] org.apache.catalina.startup.VersionLoggerListener.log 명령 행 아규먼트:  -Dcatalina.base=D:\ups_web
25-Jul-2023 22:06:47.651 INFO [main] org.apache.catalina.startup.VersionLoggerListener.log 명령 행 아규먼트:  -Dignore.endorsed.dirs=D:\ups_web\endorsed
25-Jul-2023 22:06:47.651 INFO [main] org.apache.catalina.startup.VersionLoggerListener.log 명령 행 아규먼트:  -Djava.io.tmpdir=D:\ups_web\temp
25-Jul-2023 22:06:47.651 INFO [main] org.apache.catalina.startup.VersionLoggerListener.log 명령 행 아규먼트:  -Djava.util.logging.manager=org.apache.juli.ClassLoaderLogManager
25-Jul-2023 22:06:47.651 INFO [main] org.apache.catalina.startup.VersionLoggerListener.log 명령 행 아규먼트:  -Djava.util.logging.config.file=D:\ups_web\conf\logging.properties
25-Jul-2023 22:06:47.652 INFO [main] org.apache.catalina.startup.VersionLoggerListener.log 명령 행 아규먼트:  --add-opens=java.base/java.lang=ALL-UNNAMED
25-Jul-2023 22:06:47.652 INFO [main] org.apache.catalina.startup.VersionLoggerListener.log 명령 행 아규먼트:  --add-opens=java.base/java.io=ALL-UNNAMED
25-Jul-2023 22:06:47.652 INFO [main] org.apache.catalina.startup.VersionLoggerListener.log 명령 행 아규먼트:  --add-opens=java.base/java.util=ALL-UNNAMED
25-Jul-2023 22:06:47.652 INFO [main] org.apache.catalina.startup.VersionLoggerListener.log 명령 행 아규먼트:  --add-opens=java.base/java.util.concurrent=ALL-UNNAMED
25-Jul-2023 22:06:47.653 INFO [main] org.apache.catalina.startup.VersionLoggerListener.log 명령 행 아규먼트:  --add-opens=java.rmi/sun.rmi.transport=ALL-UNNAMED
25-Jul-2023 22:06:47.653 INFO [main] org.apache.catalina.startup.VersionLoggerListener.log 명령 행 아규먼트:  exit
25-Jul-2023 22:06:47.653 INFO [main] org.apache.catalina.startup.VersionLoggerListener.log 명령 행 아규먼트:  abort
25-Jul-2023 22:06:47.653 INFO [main] org.apache.catalina.startup.VersionLoggerListener.log 명령 행 아규먼트:  -Xms128m
25-Jul-2023 22:06:47.653 INFO [main] org.apache.catalina.startup.VersionLoggerListener.log 명령 행 아규먼트:  -Xmx256m
25-Jul-2023 22:06:47.660 INFO [main] org.apache.catalina.core.AprLifecycleListener.lifecycleEvent APR 버전 [1.7.4]을(를) 사용한, APR 기반 Apache Tomcat Native 라이브러리 [1.2.37]을(를) 로드했습니다.
25-Jul-2023 22:06:47.660 INFO [main] org.apache.catalina.core.AprLifecycleListener.lifecycleEvent APR 용량정보들: IPv6 [true], sendfile [true], accept filters [false], random [true], UDS [true].
25-Jul-2023 22:06:47.660 INFO [main] org.apache.catalina.core.AprLifecycleListener.lifecycleEvent APR/OpenSSL 설정: useAprConnector [false], useOpenSSL [true]
25-Jul-2023 22:06:47.672 INFO [main] org.apache.catalina.core.AprLifecycleListener.initializeSSL OpenSSL이 성공적으로 초기화되었습니다: [OpenSSL 1.1.1u  30 May 2023]
25-Jul-2023 22:06:48.349 INFO [main] org.apache.coyote.AbstractProtocol.init 프로토콜 핸들러 ["http-nio-8080"]을(를) 초기화합니다.
25-Jul-2023 22:06:48.422 INFO [main] org.apache.catalina.startup.Catalina.load [1234] 밀리초 내에 서버가 초기화되었습니다.
25-Jul-2023 22:06:48.512 INFO [main] org.apache.catalina.core.StandardService.startInternal 서비스 [Catalina]을(를) 시작합니다.
25-Jul-2023 22:06:48.512 INFO [main] org.apache.catalina.core.StandardEngine.startInternal 서버 엔진을 시작합니다: [Apache Tomcat/9.0.78]
25-Jul-2023 22:06:48.529 INFO [main] org.apache.catalina.startup.HostConfig.deployDirectory 웹 애플리케이션 디렉토리 [D:\ups_web\webapps\docs]을(를) 배치합니다.
25-Jul-2023 22:06:49.207 INFO [main] org.apache.catalina.startup.HostConfig.deployDirectory 웹 애플리케이션 디렉토리 [D:\ups_web\webapps\docs]에 대한 배치가 [673] 밀리초에 완료되었습니다.
25-Jul-2023 22:06:49.207 INFO [main] org.apache.catalina.startup.HostConfig.deployDirectory 웹 애플리케이션 디렉토리 [D:\ups_web\webapps\examples]을(를) 배치합니다.
25-Jul-2023 22:06:50.047 INFO [main] org.apache.catalina.startup.HostConfig.deployDirectory 웹 애플리케이션 디렉토리 [D:\ups_web\webapps\examples]에 대한 배치가 [840] 밀리초에 완료되었습니다.
25-Jul-2023 22:06:50.048 INFO [main] org.apache.catalina.startup.HostConfig.deployDirectory 웹 애플리케이션 디렉토리 [D:\ups_web\webapps\host-manager]을(를) 배치합니다.
25-Jul-2023 22:06:50.121 INFO [main] org.apache.catalina.startup.HostConfig.deployDirectory 웹 애플리케이션 디렉토리 [D:\ups_web\webapps\host-manager]에 대한 배치가 [73] 밀리초에 완료되었습니다.
25-Jul-2023 22:06:50.121 INFO [main] org.apache.catalina.startup.HostConfig.deployDirectory 웹 애플리케이션 디렉토리 [D:\ups_web\webapps\manager]을(를) 배치합니다.
25-Jul-2023 22:06:50.196 INFO [main] org.apache.catalina.startup.HostConfig.deployDirectory 웹 애플리케이션 디렉토리 [D:\ups_web\webapps\manager]에 대한 배치가 [75] 밀리초에 완료되었습니다.
25-Jul-2023 22:06:50.197 INFO [main] org.apache.catalina.startup.HostConfig.deployDirectory 웹 애플리케이션 디렉토리 [D:\ups_web\webapps\ROOT]을(를) 배치합니다.
25-Jul-2023 22:06:50.248 INFO [main] org.apache.catalina.startup.HostConfig.deployDirectory 웹 애플리케이션 디렉토리 [D:\ups_web\webapps\ROOT]에 대한 배치가 [51] 밀리초에 완료되었습니다.
25-Jul-2023 22:06:50.255 INFO [main] org.apache.coyote.AbstractProtocol.start 프로토콜 핸들러 ["http-nio-8080"]을(를) 시작합니다.
25-Jul-2023 22:06:50.391 INFO [main] org.apache.catalina.startup.Catalina.start 서버가 [1966] 밀리초 내에 시작되었습니다.
25-Jul-2023 22:40:47.456 INFO [Thread-2] org.apache.coyote.AbstractProtocol.pause 프로토콜 핸들러 ["http-nio-8080"]을(를) 일시 정지 중
25-Jul-2023 22:40:47.496 INFO [Thread-2] org.apache.catalina.core.StandardService.stopInternal 서비스 [Catalina]을(를) 중지시킵니다.
25-Jul-2023 22:40:47.553 INFO [Thread-2] org.apache.coyote.AbstractProtocol.stop 프로토콜 핸들러 ["http-nio-8080"]을(를) 중지시킵니다.
25-Jul-2023 22:40:47.563 INFO [Thread-2] org.apache.coyote.AbstractProtocol.destroy 프로토콜 핸들러 ["http-nio-8080"]을(를) 소멸시킵니다.
